<?xml version="1.0" encoding="UTF-8"?>
<coverage generated="1458086724">
  <project timestamp="1458086724">
    <package name="Icecave\Stump\ExceptionRenderer">
      <file name="/home/travis/build/IcecaveStudios/stump/src/ExceptionRenderer/ExceptionRenderer.php">
        <class name="ExceptionRenderer" namespace="Icecave\Stump\ExceptionRenderer">
          <metrics complexity="4" methods="2" coveredmethods="2" conditionals="0" coveredconditionals="0" statements="22" coveredstatements="22" elements="24" coveredelements="24"/>
        </class>
        <line num="15" type="method" name="render" visibility="public" complexity="2" crap="2" count="2"/>
        <line num="17" type="stmt" count="2"/>
        <line num="18" type="stmt" count="2"/>
        <line num="19" type="stmt" count="2"/>
        <line num="20" type="stmt" count="2"/>
        <line num="21" type="stmt" count="2"/>
        <line num="22" type="stmt" count="2"/>
        <line num="24" type="stmt" count="2"/>
        <line num="26" type="stmt" count="2"/>
        <line num="34" type="method" name="renderException" visibility="private" complexity="2" crap="2" count="2"/>
        <line num="36" type="stmt" count="2"/>
        <line num="37" type="stmt" count="2"/>
        <line num="38" type="stmt" count="2"/>
        <line num="40" type="stmt" count="2"/>
        <line num="41" type="stmt" count="2"/>
        <line num="42" type="stmt" count="2"/>
        <line num="43" type="stmt" count="2"/>
        <line num="44" type="stmt" count="2"/>
        <line num="46" type="stmt" count="2"/>
        <line num="47" type="stmt" count="2"/>
        <line num="48" type="stmt" count="2"/>
        <line num="49" type="stmt" count="2"/>
        <line num="51" type="stmt" count="2"/>
        <line num="53" type="stmt" count="2"/>
        <metrics loc="55" ncloc="45" classes="1" methods="2" coveredmethods="2" conditionals="0" coveredconditionals="0" statements="22" coveredstatements="22" elements="24" coveredelements="24"/>
      </file>
    </package>
    <package name="Icecave\Stump">
      <file name="/home/travis/build/IcecaveStudios/stump/src/Logger.php">
        <class name="Logger" namespace="Icecave\Stump">
          <metrics complexity="22" methods="5" coveredmethods="3" conditionals="0" coveredconditionals="0" statements="77" coveredstatements="72" elements="82" coveredelements="75"/>
        </class>
        <line num="25" type="method" name="__construct" visibility="public" complexity="2" crap="2" count="17"/>
        <line num="32" type="stmt" count="17"/>
        <line num="33" type="stmt" count="3"/>
        <line num="36" type="stmt" count="17"/>
        <line num="37" type="stmt" count="17"/>
        <line num="38" type="stmt" count="17"/>
        <line num="39" type="stmt" count="17"/>
        <line num="40" type="stmt" count="17"/>
        <line num="41" type="stmt" count="17"/>
        <line num="42" type="stmt" count="17"/>
        <line num="51" type="method" name="log" visibility="public" complexity="5" crap="5.06" count="17"/>
        <line num="53" type="stmt" count="17"/>
        <line num="54" type="stmt" count="2"/>
        <line num="57" type="stmt" count="16"/>
        <line num="58" type="stmt" count="16"/>
        <line num="59" type="stmt" count="16"/>
        <line num="60" type="stmt" count="16"/>
        <line num="61" type="stmt" count="16"/>
        <line num="62" type="stmt" count="16"/>
        <line num="63" type="stmt" count="16"/>
        <line num="64" type="stmt" count="16"/>
        <line num="66" type="stmt" count="16"/>
        <line num="67" type="stmt" count="16"/>
        <line num="69" type="stmt" count="16"/>
        <line num="72" type="stmt" count="16"/>
        <line num="73" type="stmt" count="2"/>
        <line num="74" type="stmt" count="0"/>
        <line num="75" type="stmt" count="0"/>
        <line num="76" type="stmt" count="0"/>
        <line num="77" type="stmt" count="2"/>
        <line num="78" type="stmt" count="2"/>
        <line num="79" type="stmt" count="2"/>
        <line num="81" type="stmt" count="16"/>
        <line num="88" type="method" name="logException" visibility="private" complexity="4" crap="4" count="2"/>
        <line num="91" type="stmt" count="2"/>
        <line num="92" type="stmt" count="1"/>
        <line num="95" type="stmt" count="1"/>
        <line num="97" type="stmt" count="1"/>
        <line num="98" type="stmt" count="1"/>
        <line num="99" type="stmt" count="1"/>
        <line num="100" type="stmt" count="1"/>
        <line num="102" type="stmt" count="1"/>
        <line num="103" type="stmt" count="1"/>
        <line num="105" type="stmt" count="1"/>
        <line num="106" type="stmt" count="1"/>
        <line num="109" type="stmt" count="1"/>
        <line num="110" type="stmt" count="1"/>
        <line num="111" type="stmt" count="1"/>
        <line num="112" type="stmt" count="1"/>
        <line num="113" type="stmt" count="1"/>
        <line num="115" type="stmt" count="1"/>
        <line num="116" type="stmt" count="1"/>
        <line num="117" type="stmt" count="1"/>
        <line num="118" type="stmt" count="1"/>
        <line num="123" type="method" name="stream" visibility="private" complexity="5" crap="5" count="16"/>
        <line num="125" type="stmt" count="16"/>
        <line num="126" type="stmt" count="16"/>
        <line num="128" type="stmt" count="16"/>
        <line num="129" type="stmt" count="16"/>
        <line num="131" type="stmt" count="16"/>
        <line num="133" type="stmt" count="16"/>
        <line num="134" type="stmt" count="15"/>
        <line num="135" type="stmt" count="15"/>
        <line num="137" type="stmt" count="15"/>
        <line num="138" type="stmt" count="1"/>
        <line num="139" type="stmt" count="1"/>
        <line num="140" type="stmt" count="14"/>
        <line num="145" type="stmt" count="16"/>
        <line num="156" type="method" name="substitutePlaceholders" visibility="private" complexity="6" crap="6.13" count="16"/>
        <line num="158" type="stmt" count="16"/>
        <line num="159" type="stmt" count="15"/>
        <line num="162" type="stmt" count="2"/>
        <line num="163" type="stmt" count="2"/>
        <line num="165" type="stmt" count="2"/>
        <line num="166" type="stmt" count="1"/>
        <line num="168" type="stmt" count="0"/>
        <line num="169" type="stmt" count="0"/>
        <line num="170" type="stmt" count="1"/>
        <line num="171" type="stmt" count="1"/>
        <line num="172" type="stmt" count="1"/>
        <line num="174" type="stmt" count="2"/>
        <line num="176" type="stmt" count="2"/>
        <metrics loc="208" ncloc="172" classes="1" methods="5" coveredmethods="3" conditionals="0" coveredconditionals="0" statements="77" coveredstatements="72" elements="82" coveredelements="75"/>
      </file>
      <file name="/home/travis/build/IcecaveStudios/stump/src/PackageInfo.php">
        <class name="PackageInfo" namespace="Icecave\Stump">
          <metrics complexity="0" methods="0" coveredmethods="0" conditionals="0" coveredconditionals="0" statements="0" coveredstatements="0" elements="0" coveredelements="0"/>
        </class>
        <metrics loc="9" ncloc="9" classes="1" methods="0" coveredmethods="0" conditionals="0" coveredconditionals="0" statements="0" coveredstatements="0" elements="0" coveredelements="0"/>
      </file>
    </package>
    <package name="Icecave\Stump\MessageRenderer">
      <file name="/home/travis/build/IcecaveStudios/stump/src/MessageRenderer/AnsiMessageRenderer.php">
        <class name="AnsiMessageRenderer" namespace="Icecave\Stump\MessageRenderer">
          <metrics complexity="2" methods="2" coveredmethods="2" conditionals="0" coveredconditionals="0" statements="7" coveredstatements="7" elements="9" coveredelements="9"/>
        </class>
        <line num="19" type="method" name="render" visibility="public" complexity="1" crap="1" count="9"/>
        <line num="25" type="stmt" count="9"/>
        <line num="26" type="stmt" count="9"/>
        <line num="27" type="stmt" count="9"/>
        <line num="28" type="stmt" count="9"/>
        <line num="29" type="stmt" count="9"/>
        <line num="30" type="stmt" count="9"/>
        <line num="33" type="method" name="apply" visibility="private" complexity="1" crap="1" count="9"/>
        <line num="35" type="stmt" count="9"/>
        <metrics loc="68" ncloc="58" classes="1" methods="2" coveredmethods="2" conditionals="0" coveredconditionals="0" statements="7" coveredstatements="7" elements="9" coveredelements="9"/>
      </file>
      <file name="/home/travis/build/IcecaveStudios/stump/src/MessageRenderer/PlainMessageRenderer.php">
        <class name="PlainMessageRenderer" namespace="Icecave\Stump\MessageRenderer">
          <metrics complexity="1" methods="1" coveredmethods="1" conditionals="0" coveredconditionals="0" statements="5" coveredstatements="5" elements="6" coveredelements="6"/>
        </class>
        <line num="17" type="method" name="render" visibility="public" complexity="1" crap="1" count="16"/>
        <line num="23" type="stmt" count="16"/>
        <line num="24" type="stmt" count="16"/>
        <line num="25" type="stmt" count="16"/>
        <line num="26" type="stmt" count="16"/>
        <line num="28" type="stmt" count="16"/>
        <metrics loc="30" ncloc="20" classes="1" methods="1" coveredmethods="1" conditionals="0" coveredconditionals="0" statements="5" coveredstatements="5" elements="6" coveredelements="6"/>
      </file>
    </package>
    <metrics files="5" loc="370" ncloc="304" classes="5" methods="10" coveredmethods="8" conditionals="0" coveredconditionals="0" statements="111" coveredstatements="106" elements="121" coveredelements="114"/>
  </project>
</coverage>
